app/build/outputs/mapping/release/seeds.txt
com.workbuddy.quicklaunch.MainActivity
com.workbuddy.quicklaunch.data.RepeatMode
com.workbuddy.quicklaunch.databinding.DialogDarkWheelTimePickerBinding
com.workbuddy.quicklaunch.data.HolidayDao
com.workbuddy.quicklaunch.service.KeepAliveService
com.workbuddy.quicklaunch.data.AppDatabase$Companion$MIGRATION_3_4$1
com.workbuddy.quicklaunch.data.AppDatabase$Companion$MIGRATION_2_3$1
com.workbuddy.quicklaunch.databinding.ItemBluetoothDeviceBinding
com.workbuddy.quicklaunch.HolidayManageActivity
com.workbuddy.quicklaunch.data.Holiday
com.workbuddy.quicklaunch.receiver.BootReceiver
com.workbuddy.quicklaunch.receiver.BluetoothReceiver
com.workbuddy.quicklaunch.databinding.ActivityCreateBinding
com.workbuddy.quicklaunch.ThemeSettingsActivity
com.workbuddy.quicklaunch.data.AppDatabase
com.workbuddy.quicklaunch.util.AppPickerBottomSheet
com.workbuddy.quicklaunch.databinding.ActivityThemeSettingsBinding
com.workbuddy.quicklaunch.databinding.DialogBluetoothDevicesBinding
com.workbuddy.quicklaunch.util.DevicePickerBottomSheet
com.workbuddy.quicklaunch.data.AppDatabase$Companion
com.workbuddy.quicklaunch.data.HolidayDao_Impl$Companion
com.workbuddy.quicklaunch.databinding.ItemHolidayBinding
com.workbuddy.quicklaunch.data.HolidayDao$DefaultImpls
com.workbuddy.quicklaunch.databinding.ItemSourceBinding
com.workbuddy.quicklaunch.data.AutomationDao_Impl$1
com.workbuddy.quicklaunch.util.DarkWheelTimePicker
com.workbuddy.quicklaunch.data.Automation
com.workbuddy.quicklaunch.data.AutomationDao_Impl$Companion
com.workbuddy.quicklaunch.data.AppDatabase_Impl$createOpenDelegate$_openDelegate$1
com.workbuddy.quicklaunch.data.AutomationDao_Impl$2
com.workbuddy.quicklaunch.data.AppDatabase_Impl
com.workbuddy.quicklaunch.data.AppDatabase$Companion$MIGRATION_1_2$1
com.workbuddy.quicklaunch.data.HolidayDao_Impl$1
com.workbuddy.quicklaunch.databinding.ActivityMainIosBinding
com.workbuddy.quicklaunch.databinding.ActivityHolidayManageBinding
com.workbuddy.quicklaunch.databinding.ViewLaunchBinding
com.workbuddy.quicklaunch.databinding.ActivityMainBinding
com.workbuddy.quicklaunch.data.AutomationDao_Impl$3
com.workbuddy.quicklaunch.SyncFragment
com.workbuddy.quicklaunch.databinding.ItemAppSelectBinding
com.workbuddy.quicklaunch.databinding.ItemDeviceSelectBinding
com.workbuddy.quicklaunch.receiver.PowerConnectionReceiver
com.workbuddy.quicklaunch.data.AutomationRepository
com.workbuddy.quicklaunch.receiver.WifiReceiver
com.workbuddy.quicklaunch.databinding.DialogDevicePickerBottomSheetBinding
com.workbuddy.quicklaunch.databinding.ItemWheelBinding
com.workbuddy.quicklaunch.LaunchFragment
com.workbuddy.quicklaunch.data.AutomationDao
com.workbuddy.quicklaunch.data.AutomationDao_Impl
com.workbuddy.quicklaunch.databinding.ItemDockAppBinding
com.workbuddy.quicklaunch.CreateAutomationActivity
com.workbuddy.quicklaunch.SourceManageActivity
com.workbuddy.quicklaunch.LaunchProxyActivity
com.workbuddy.quicklaunch.databinding.ActivitySourceManageBinding
com.workbuddy.quicklaunch.service.LaunchService
com.workbuddy.quicklaunch.databinding.DialogAppPickerBottomSheetBinding
com.workbuddy.quicklaunch.receiver.AlarmReceiver
com.workbuddy.quicklaunch.databinding.ItemAutomationBinding
com.workbuddy.quicklaunch.data.HolidayDao_Impl
com.workbuddy.quicklaunch.databinding.ViewSyncBinding
com.workbuddy.quicklaunch.databinding.ItemAppBinding
com.workbuddy.quicklaunch.data.TriggerType
com.workbuddy.quicklaunch.databinding.ViewSyncBinding: android.widget.TextView tvTitle
com.workbuddy.quicklaunch.databinding.ActivityThemeSettingsBinding: android.widget.TextView tvTitle
com.workbuddy.quicklaunch.databinding.ItemAutomationBinding: android.widget.ImageView ivAppIcon
com.workbuddy.quicklaunch.data.RepeatMode: java.lang.String CUSTOM
com.workbuddy.quicklaunch.databinding.ActivityThemeSettingsBinding: android.widget.RadioButton rbMint
com.workbuddy.quicklaunch.data.RepeatMode: com.workbuddy.quicklaunch.data.RepeatMode INSTANCE
...
androidx.lifecycle.EmptyActivityLifecycleCallbacks: void onActivitySaveInstanceState(android.app.Activity,android.os.Bundle)
androidx.appcompat.widget.AppCompatCheckedTextView: void setSupportCompoundDrawablesTintList(android.content.res.ColorStateList)
com.google.android.material.floatingactionbutton.FloatingActionButton: android.graphics.PorterDuff$Mode getSupportImageTintMode()
androidx.core.app.RemoteActionCompatParcelizer: RemoteActionCompatParcelizer()
com.google.android.material.textfield.TextInputLayout: android.content.res.ColorStateList getCounterTextColor()
com.google.android.material.floatingactionbutton.FloatingActionButton: android.graphics.PorterDuff$Mode getBackgroundTintMode()
androidx.constraintlayout.widget.VirtualLayout: void setVisibility(int)
com.google.android.material.floatingactionbutton.FloatingActionButton: void setBackgroundDrawable(android.graphics.drawable.Drawable)
com.google.android.material.snackbar.Snackbar$SnackbarLayout: void setOnClickListener(android.view.View$OnClickListener)
androidx.appcompat.widget.ActionBarContainer: void setTransitioning(boolean)
com.google.android.material.textfield.TextInputLayout: void setEndIconDrawable(android.graphics.drawable.Drawable)
androidx.appcompat.widget.AppCompatEditText: android.graphics.PorterDuff$Mode getSupportBackgroundTintMode()
com.google.android.material.button.MaterialButton: int getInsetTop()
com.google.android.material.card.MaterialCardView: void setCheckable(boolean)
androidx.appcompat.widget.AppCompatCheckBox: void setSupportCompoundDrawablesTintMode(android.graphics.PorterDuff$Mode)
androidx.core.view.WindowInsetsCompat$Impl: void setOverriddenInsets(androidx.core.graphics.Insets[])
androidx.room.RoomDatabase: java.util.List getAutoMigrations(java.util.Map)
com.google.android.material.floatingactionbutton.FloatingActionButton: void setImageDrawable(android.graphics.drawable.Drawable)
com.google.android.material.card.MaterialCardView: int getStrokeColor()
com.google.android.material.chip.Chip: com.google.android.material.animation.MotionSpec getHideMotionSpec()
com.google.android.material.textfield.MaterialAutoCompleteTextView: float getPopupElevation()
androidx.viewpager2.widget.ViewPager2: int getOrientation()
com.google.android.material.chip.Chip: void setChipTextResource(int)
androidx.appcompat.widget.AppCompatTextView: void setCustomSelectionActionModeCallback(android.view.ActionMode$Callback)
com.google.android.material.chip.Chip: android.content.res.ColorStateList getChipBackgroundColor()
androidx.activity.OnBackPressedDispatcher$Api33Impl: android.window.OnBackInvokedCallback createOnBackInvokedCallback(kotlin.jvm.functions.Function0)
androidx.appcompat.app.AppCompatDelegateImpl$Api24Impl: void setLocales(android.content.res.Configuration,androidx.core.os.LocaleListCompat)
androidx.room.RoomDatabase: androidx.room.RoomConnectionManager access$getConnectionManager$p(androidx.room.RoomDatabase)
androidx.appcompat.widget.AppCompatTextView: void setTextFuture(java.util.concurrent.Future)
androidx.appcompat.widget.AppCompatAutoCompleteTextView: void setBackgroundResource(int)
com.google.android.material.button.MaterialButton: com.google.android.material.shape.ShapeAppearanceModel getShapeAppearanceModel()
androidx.appcompat.widget.Toolbar: void setSubtitleTextColor(android.content.res.ColorStateList)
androidx.appcompat.widget.AppCompatCheckedTextView: void setSupportBackgroundTintList(android.content.res.ColorStateList)
androidx.vectordrawable.graphics.drawable.VectorDrawableCompat$VFullPath: int getStrokeColor()
com.google.android.material.floatingactionbutton.FloatingActionButton: void setSupportImageTintList(android.content.res.ColorStateList)
com.google.android.material.textfield.TextInputLayout: int getBoxStrokeWidth()
com.google.android.material.button.MaterialButton: void setBackgroundTintList(android.content.res.ColorStateList)
com.google.android.material.internal.NavigationMenuItemView: void setTitle(java.lang.CharSequence)