app/build/outputs/mapping/release/mapping.txt
# compiler: R8
# compiler_version: 8.9.32
# min_api: 24
# common_typos_disable
# {"id":"com.android.tools.r8.mapping","version":"2.2"}
# pg_map_id: 26b7822
# pg_map_hash: SHA-256 26b7822648b936ae5eff19f305232b4ac32aa4adf3ee2488adde1e667cf83f54
com.workbuddy.quicklaunch.AutomationAdapter -> e1.f:
# {"id":"sourceFile","fileName":"AutomationAdapter.kt"}
    kotlin.jvm.functions.Function2 onToggle -> e
      # {"id":"com.android.tools.r8.residualsignature","signature":"Le1/y;"}
    kotlin.jvm.functions.Function1 onDelete -> f
      # {"id":"com.android.tools.r8.residualsignature","signature":"Landroidx/room/j;"}
    com.workbuddy.quicklaunch.AutomationAdapter$iconCache$1 iconCache -> g
      # {"id":"com.android.tools.r8.residualsignature","signature":"Le1/e;"}
    android.os.Handler mainHandler -> h
    java.lang.String[] DAY_LABELS -> i
    com.workbuddy.quicklaunch.AutomationAdapter$Companion$DIFF_CALLBACK$1 DIFF_CALLBACK -> j
      # {"id":"com.android.tools.r8.residualsignature","signature":"Le1/c;"}
    1:3:void <clinit>():120:120 -> <clinit>
    4:6:void androidx.recyclerview.widget.DiffUtil$ItemCallback.<init>():409:409 -> <clinit>
    4:6:void com.workbuddy.quicklaunch.AutomationAdapter$Companion$DIFF_CALLBACK$1.<init>():120 -> <clinit>
    4:6:void <clinit>():120 -> <clinit>
    7:9:void <clinit>():120:120 -> <clinit>
    1:5:void <init>(kotlin.jvm.functions.Function2,kotlin.jvm.functions.Function1):31:31 -> <init>
      # {"id":"com.android.tools.r8.residualsignature","signature":"(Le1/y;Landroidx/room/j;)V"}
    6:7:void <init>(kotlin.jvm.functions.Function2,kotlin.jvm.functions.Function1):29:29 -> <init>
    8:9:void <init>(kotlin.jvm.functions.Function2,kotlin.jvm.functions.Function1):30:30 -> <init>
com.workbuddy.quicklaunch.AutomationAdapter$$ExternalSyntheticLambda0 -> e1.a:
# {"id":"sourceFile","fileName":"R8$$SyntheticClass"}
# {"id":"com.android.tools.r8.synthesized"}
    com.workbuddy.quicklaunch.AutomationAdapter com.workbuddy.quicklaunch.AutomationAdapter$$InternalSyntheticLambda$2$97e7ba10c70da9d35897b4d9fb62f2e7664343c7903e8344bfddb58f539b3478$0.f$0 -> f
      # {"id":"com.android.tools.r8.residualsignature","signature":"Le1/f;"}
      # {"id":"com.android.tools.r8.synthesized"}
    com.workbuddy.quicklaunch.data.Automation com.workbuddy.quicklaunch.AutomationAdapter$$InternalSyntheticLambda$2$97e7ba10c70da9d35897b4d9fb62f2e7664343c7903e8344bfddb58f539b3478$0.f$1 -> g
      # {"id":"com.android.tools.r8.synthesized"}
    android.content.pm.PackageManager com.workbuddy.quicklaunch.AutomationAdapter$$InternalSyntheticLambda$2$97e7ba10c70da9d35897b4d9fb62f2e7664343c7903e8344bfddb58f539b3478$0.f$2 -> h
      # {"id":"com.android.tools.r8.synthesized"}
    com.workbuddy.quicklaunch.AutomationAdapter$VH com.workbuddy.quicklaunch.AutomationAdapter$$InternalSyntheticLambda$2$97e7ba10c70da9d35897b4d9fb62f2e7664343c7903e8344bfddb58f539b3478$0.f$3 -> i
      # {"id":"com.android.tools.r8.residualsignature","signature":"Le1/d;"}
      # {"id":"com.android.tools.r8.synthesized"}
    int com.workbuddy.quicklaunch.AutomationAdapter$$InternalSyntheticLambda$2$97e7ba10c70da9d35897b4d9fb62f2e7664343c7903e8344bfddb58f539b3478$0.f$4 -> j
...
kotlin.jvm.internal.FunctionReferenceImpl -> x1.g:
# {"id":"sourceFile","fileName":"FunctionReferenceImpl.java"}
    int kotlin.jvm.internal.FunctionReference.arity -> l
    int kotlin.jvm.internal.FunctionReference.flags -> m
    1:1:void <init>(int,java.lang.Class,java.lang.String,java.lang.String,int):24:24 -> <init>
    2:4:void kotlin.jvm.internal.FunctionReference.<init>(int,java.lang.Object,java.lang.Class,java.lang.String,java.lang.String,int):50:52 -> <init>
    1:6:kotlin.reflect.KFunction kotlin.jvm.internal.Reflection.function(kotlin.jvm.internal.FunctionReference):90:90 -> a
    1:6:kotlin.reflect.KCallable kotlin.jvm.internal.FunctionReference.computeReflected():69 -> a
      # {"id":"com.android.tools.r8.residualsignature","signature":"()LC1/a;"}
    4:7:boolean kotlin.jvm.internal.FunctionReference.equals(java.lang.Object):105:105 -> equals
    8:9:boolean kotlin.jvm.internal.FunctionReference.equals(java.lang.Object):106:106 -> equals
    10:11:java.lang.String kotlin.jvm.internal.CallableReference.getName():120:120 -> equals
    10:11:boolean kotlin.jvm.internal.FunctionReference.equals(java.lang.Object):108 -> equals
    12:19:boolean kotlin.jvm.internal.FunctionReference.equals(java.lang.Object):108:108 -> equals
    20:41:boolean kotlin.jvm.internal.FunctionReference.equals(java.lang.Object):109:109 -> equals
    42:51:boolean kotlin.jvm.internal.FunctionReference.equals(java.lang.Object):112:112 -> equals
kotlin.jvm.internal.Intrinsics -> x1.h:
# {"id":"sourceFile","fileName":"Intrinsics.java"}
    java.lang.Object[] kotlin.jvm.internal.CollectionToArray.EMPTY -> a
    2:6:void kotlin.jvm.internal.CollectionToArray.<clinit>():14:14 -> <clinit>
    9:13:boolean areEqual(java.lang.Object,java.lang.Object):169:169 -> a
    4:8:void throwJavaNpe():45:45 -> b
    4:8:void checkNotNull(java.lang.Object):25 -> b
    9:17:java.lang.Throwable sanitizeStackTrace(java.lang.Throwable):253:253 -> b
    9:17:void throwJavaNpe():45 -> b
    9:17:void checkNotNull(java.lang.Object):25 -> b
    18:18:void throwJavaNpe():45:45 -> b
    18:18:void checkNotNull(java.lang.Object):25 -> b
    4:8:void throwJavaNpe(java.lang.String):50:50 -> c
    4:8:void checkNotNull(java.lang.Object,java.lang.String):31 -> c
    9:17:java.lang.Throwable sanitizeStackTrace(java.lang.Throwable):253:253 -> c
    9:17:void throwJavaNpe(java.lang.String):50 -> c
    9:17:void checkNotNull(java.lang.Object,java.lang.String):31 -> c
    18:18:void throwJavaNpe(java.lang.String):50:50 -> c
    18:18:void checkNotNull(java.lang.Object,java.lang.String):31 -> c
    4:14:void checkNotNullExpressionValue(java.lang.Object,java.lang.String):93:93 -> d
    15:23:java.lang.Throwable sanitizeStackTrace(java.lang.Throwable):253:253 -> d
    15:23:void checkNotNullExpressionValue(java.lang.Object,java.lang.String):93 -> d
    24:24:void checkNotNullExpressionValue(java.lang.Object,java.lang.String):93:93 -> d