app/build/outputs/mapping/release/usage.txt
com.workbuddy.quicklaunch.BuildConfig
com.workbuddy.quicklaunch.LaunchProxyActivity:
    private static final java.lang.String EXTRA_PKG
com.workbuddy.quicklaunch.MainActivity:
    public static final int TAB_LAUNCH
    public static final int TAB_SYNC
com.workbuddy.quicklaunch.R$array
com.workbuddy.quicklaunch.R$color:
    public static int accent_lavender
    public static int accent_lavender_press
    public static int accent_lavender_soft
    public static int accent_lavender_surface
    public static int bg_card
    public static int bg_floating_bar
    public static int bg_root
    public static int bg_widget
    public static int black
    public static int bottom_gradient_solid
    public static int bottom_gradient_transparent
    public static int brand_accent
    public static int brand_accent_press
    public static int brand_accent_surface
    public static int btn_primary_bg
    public static int btn_primary_text
    public static int card_dark_bg
    public static int dark_accent
    public static int dark_accent_green
    public static int dark_accent_press
    public static int dark_button_bg
    public static int dark_card_primary
    public static int dark_card_secondary
    public static int dark_destructive
    public static int dark_divider
    public static int dark_input_bg
    public static int dark_root
    public static int dark_search_bg
    public static int dark_stroke
    public static int dark_switch_thumb
    public static int dark_switch_track
    public static int dark_text_hint
    public static int destructive
    public static int glass_active_bg
    public static int glass_active_stroke
    public static int glass_bg_root
    public static int glass_btn_primary_bg
    public static int glass_btn_primary_text
com.workbuddy.quicklaunch.R$dimen:
    public static int dark_button_height
    public static int dark_card_margin_horizontal
    public static int dark_card_margin_vertical
    public static int dark_card_padding
    public static int dark_chip_height
    public static int dark_floating_bar_height
    public static int dark_floating_bar_item_icon
    public static int dark_floating_bar_margin
    public static int dark_floating_bar_radius
    public static int dark_input_height
    public static int dark_radius_card
    public static int dark_radius_icon
    public static int dark_radius_pill
    public static int dark_scroll_bottom_gap
    public static int dark_section_gap
    public static int dark_stroke_width
    public static int glass_button_height
    public static int glass_button_radius
    public static int glass_icon_app_radius
    public static int glass_icon_app_size
    public static int glass_permission_btn_height
    public static int glass_permission_card_icon
    public static int glass_status_badge_height
    public static int glass_status_badge_radius
    public static int glass_status_dot_size
    public static int glass_tag_height
    public static int glass_tag_radius
    public static int glass_time_bubble_height
    public static int glass_time_bubble_radius
    public static int ios_border_hairline
    public static int ios_border_thin
    public static int ios_button_height
    public static int ios_dock_height
    public static int ios_dock_icon
...
androidx.core.text.TextDirectionHeuristicsCompat$TextDirectionAlgorithm
androidx.core.text.TextDirectionHeuristicsCompat$TextDirectionHeuristicLocale
androidx.core.text.TextDirectionHeuristicsCompat:
    public static final androidx.core.text.TextDirectionHeuristicsCompat$TextDirectionHeuristicImpl ANYRTL_LTR
    public static final androidx.core.text.TextDirectionHeuristicsCompat$TextDirectionHeuristicImpl LOCALE
androidx.core.text.TextUtilsCompat
androidx.core.util.DebugUtils
androidx.core.util.ObjectsCompat
androidx.core.util.Pair
androidx.core.util.Pools$Pool
androidx.core.util.Preconditions:
    public static void checkArgument(boolean)
    public static void checkArgumentNonnegative(int,java.lang.String)
    public static void checkState(boolean,java.lang.String)
androidx.core.util.Supplier
androidx.core.util.TypedValueCompat
androidx.core.view.AccessibilityDelegateCompat:
    public static java.util.List getActionList(android.view.View)
    public static android.view.View$AccessibilityDelegate getBridge()
androidx.core.view.ActionProvider$SubUiVisibilityListener
androidx.core.view.ActionProvider$VisibilityListener
androidx.core.view.ActionProvider
androidx.core.view.ContentInfoCompat$$InternalSyntheticApiModelOutline$1$62758f813dd007a6f7869a8f77160984e6eb1f163a7245e6f93deb696ec3b54a$0
androidx.core.view.ContentInfoCompat$Builder
androidx.core.view.ContentInfoCompat:
    public static android.content.ClipData getClip()
    public static int getFlags()
    public static int getSource()
    public static android.view.ContentInfo toContentInfo()
androidx.core.view.DifferentialMotionFlingController$$InternalSyntheticLambda$1$deb215be4f611265685bb60de527ec4395240ac49de0564e35c26f4a172deef4$0:
    public static void calculateFlingVelocityThresholds()
androidx.core.view.DifferentialMotionFlingController$$InternalSyntheticLambda$1$deb215be4f611265685bb60de527ec4395240ac49de0564e35c26f4a172deef4$1:
    public static float getCurrentVelocity()
androidx.core.view.DifferentialMotionFlingController$DifferentialVelocityProvider
androidx.core.view.DifferentialMotionFlingController$FlingVelocityThresholdCalculator
androidx.core.view.DifferentialMotionFlingController:
    public final androidx.core.view.DifferentialMotionFlingController$$InternalSyntheticLambda$1$deb215be4f611265685bb60de527ec4395240ac49de0564e35c26f4a172deef4$1 mVelocityProvider
    public final androidx.core.view.DifferentialMotionFlingController$$InternalSyntheticLambda$1$deb215be4f611265685bb60de527ec4395240ac49de0564e35c26f4a172deef4$0 mVelocityThresholdCalculator
    public static void onMotionEvent()
androidx.core.view.DifferentialMotionFlingTarget
androidx.core.view.DisplayCutoutCompat:
    public static int getSafeInsetBottom()
    public static int getSafeInsetLeft()
    public static int getSafeInsetRight()
    public static int getSafeInsetTop()
androidx.core.view.GravityCompat
androidx.core.view.KeyEventDispatcher:
    static void <clinit>()
androidx.core.view.LayoutInflaterCompat
androidx.core.view.MarginLayoutParamsCompat
androidx.core.view.MenuHost
androidx.core.view.MenuHostHelper$$InternalSyntheticThrowCCEIfNotNull$12$784fe09237df72f75ceec7cf7b32c34ffdaad92ddc885a572ea716affdb7d238$0
androidx.core.view.MenuHostHelper$LifecycleContainer
androidx.core.view.MenuHostHelper:
    public final void addMenuProvider(androidx.fragment.app.FragmentManager$2)
    public final void onCreateMenu()
    public static void onMenuClosed()
    public final boolean onMenuItemSelected()
    public final void onPrepareMenu()
    public final void removeMenuProvider(androidx.fragment.app.FragmentManager$2)
androidx.core.view.MenuItemCompat
androidx.core.view.MenuProvider
androidx.core.view.MotionEventCompat
androidx.core.view.NestedScrollingChild